INFO - 2023-07-19 14:03:19 --> Session: Class initialized using 'CodeIgniter\Session\Handlers\FileHandler' driver.
INFO - 2023-07-19 14:08:37 --> Session: Class initialized using 'CodeIgniter\Session\Handlers\FileHandler' driver.
INFO - 2023-07-19 14:12:56 --> Session: Class initialized using 'CodeIgniter\Session\Handlers\FileHandler' driver.
INFO - 2023-07-19 14:13:00 --> Session: Class initialized using 'CodeIgniter\Session\Handlers\FileHandler' driver.
INFO - 2023-07-19 14:13:36 --> Session: Class initialized using 'CodeIgniter\Session\Handlers\FileHandler' driver.
INFO - 2023-07-19 14:13:38 --> Session: Class initialized using 'CodeIgniter\Session\Handlers\FileHandler' driver.
ERROR - 2023-07-19 14:53:51 --> Error connecting to the database: mysqli_sql_exception: Access denied for user 'banf2195'@'localhost' (using password: YES) in /Applications/MAMP/htdocs/albarokah-v2/system/Database/MySQLi/Connection.php:174
Stack trace:
#0 /Applications/MAMP/htdocs/albarokah-v2/system/Database/MySQLi/Connection.php(174): mysqli->real_connect('localhost:3306', 'banf2195', 'VvFAaZTmQN3X81', 'banf2195_user_d...', 3306, '', 0)
#1 /Applications/MAMP/htdocs/albarokah-v2/system/Database/BaseConnection.php(391): CodeIgniter\Database\MySQLi\Connection->connect(false)
#2 /Applications/MAMP/htdocs/albarokah-v2/system/Database/BaseConnection.php(574): CodeIgniter\Database\BaseConnection->initialize()
#3 /Applications/MAMP/htdocs/albarokah-v2/app/Controllers/Home/Home.php(77): CodeIgniter\Database\BaseConnection->query('SELECT * FROM d...')
#4 /Applications/MAMP/htdocs/albarokah-v2/system/CodeIgniter.php(934): App\Controllers\Home\Home->depositoMutlaqah()
#5 /Applications/MAMP/htdocs/albarokah-v2/system/CodeIgniter.php(499): CodeIgniter\CodeIgniter->runController(Object(App\Controllers\Home\Home))
#6 /Applications/MAMP/htdocs/albarokah-v2/system/CodeIgniter.php(368): CodeIgniter\CodeIgniter->handleRequest(NULL, Object(Config\Cache), false)
#7 /Applications/MAMP/htdocs/albarokah-v2/index.php(34): CodeIgniter\CodeIgniter->run()
#8 {main}

Next CodeIgniter\Database\Exceptions\DatabaseException: Access denied for user '****'@'localhost' (using password: YES) in /Applications/MAMP/htdocs/albarokah-v2/system/Database/MySQLi/Connection.php:218
Stack trace:
#0 /Applications/MAMP/htdocs/albarokah-v2/system/Database/BaseConnection.php(391): CodeIgniter\Database\MySQLi\Connection->connect(false)
#1 /Applications/MAMP/htdocs/albarokah-v2/system/Database/BaseConnection.php(574): CodeIgniter\Database\BaseConnection->initialize()
#2 /Applications/MAMP/htdocs/albarokah-v2/app/Controllers/Home/Home.php(77): CodeIgniter\Database\BaseConnection->query('SELECT * FROM d...')
#3 /Applications/MAMP/htdocs/albarokah-v2/system/CodeIgniter.php(934): App\Controllers\Home\Home->depositoMutlaqah()
#4 /Applications/MAMP/htdocs/albarokah-v2/system/CodeIgniter.php(499): CodeIgniter\CodeIgniter->runController(Object(App\Controllers\Home\Home))
#5 /Applications/MAMP/htdocs/albarokah-v2/system/CodeIgniter.php(368): CodeIgniter\CodeIgniter->handleRequest(NULL, Object(Config\Cache), false)
#6 /Applications/MAMP/htdocs/albarokah-v2/index.php(34): CodeIgniter\CodeIgniter->run()
#7 {main}
CRITICAL - 2023-07-19 14:53:51 --> Unable to connect to the database.
Main connection [MySQLi]: Access denied for user '****'@'localhost' (using password: YES)
in SYSTEMPATH/Database/BaseConnection.php on line 427.
 1 SYSTEMPATH/Database/BaseConnection.php(574): CodeIgniter\Database\BaseConnection->initialize()
 2 APPPATH/Controllers/Home/Home.php(77): CodeIgniter\Database\BaseConnection->query('SELECT * FROM deposito_muqayyadah_mudharabahs WHERE jenis_deposito = \'Deposito Mutlaqah\'')
 3 SYSTEMPATH/CodeIgniter.php(934): App\Controllers\Home\Home->depositoMutlaqah()
 4 SYSTEMPATH/CodeIgniter.php(499): CodeIgniter\CodeIgniter->runController(Object(App\Controllers\Home\Home))
 5 SYSTEMPATH/CodeIgniter.php(368): CodeIgniter\CodeIgniter->handleRequest(null, Object(Config\Cache), false)
 6 FCPATH/index.php(34): CodeIgniter\CodeIgniter->run()
ERROR - 2023-07-19 14:53:59 --> Error connecting to the database: mysqli_sql_exception: Access denied for user 'banf2195'@'localhost' (using password: YES) in /Applications/MAMP/htdocs/albarokah-v2/system/Database/MySQLi/Connection.php:174
Stack trace:
#0 /Applications/MAMP/htdocs/albarokah-v2/system/Database/MySQLi/Connection.php(174): mysqli->real_connect('localhost:3306', 'banf2195', 'VvFAaZTmQN3X81', 'banf2195_user_d...', 3306, '', 0)
#1 /Applications/MAMP/htdocs/albarokah-v2/system/Database/BaseConnection.php(391): CodeIgniter\Database\MySQLi\Connection->connect(false)
#2 /Applications/MAMP/htdocs/albarokah-v2/system/Database/BaseConnection.php(574): CodeIgniter\Database\BaseConnection->initialize()
#3 /Applications/MAMP/htdocs/albarokah-v2/app/Controllers/Home/Home.php(77): CodeIgniter\Database\BaseConnection->query('SELECT * FROM d...')
#4 /Applications/MAMP/htdocs/albarokah-v2/system/CodeIgniter.php(934): App\Controllers\Home\Home->depositoMutlaqah()
#5 /Applications/MAMP/htdocs/albarokah-v2/system/CodeIgniter.php(499): CodeIgniter\CodeIgniter->runController(Object(App\Controllers\Home\Home))
#6 /Applications/MAMP/htdocs/albarokah-v2/system/CodeIgniter.php(368): CodeIgniter\CodeIgniter->handleRequest(NULL, Object(Config\Cache), false)
#7 /Applications/MAMP/htdocs/albarokah-v2/index.php(34): CodeIgniter\CodeIgniter->run()
#8 {main}

Next CodeIgniter\Database\Exceptions\DatabaseException: Access denied for user '****'@'localhost' (using password: YES) in /Applications/MAMP/htdocs/albarokah-v2/system/Database/MySQLi/Connection.php:218
Stack trace:
#0 /Applications/MAMP/htdocs/albarokah-v2/system/Database/BaseConnection.php(391): CodeIgniter\Database\MySQLi\Connection->connect(false)
#1 /Applications/MAMP/htdocs/albarokah-v2/system/Database/BaseConnection.php(574): CodeIgniter\Database\BaseConnection->initialize()
#2 /Applications/MAMP/htdocs/albarokah-v2/app/Controllers/Home/Home.php(77): CodeIgniter\Database\BaseConnection->query('SELECT * FROM d...')
#3 /Applications/MAMP/htdocs/albarokah-v2/system/CodeIgniter.php(934): App\Controllers\Home\Home->depositoMutlaqah()
#4 /Applications/MAMP/htdocs/albarokah-v2/system/CodeIgniter.php(499): CodeIgniter\CodeIgniter->runController(Object(App\Controllers\Home\Home))
#5 /Applications/MAMP/htdocs/albarokah-v2/system/CodeIgniter.php(368): CodeIgniter\CodeIgniter->handleRequest(NULL, Object(Config\Cache), false)
#6 /Applications/MAMP/htdocs/albarokah-v2/index.php(34): CodeIgniter\CodeIgniter->run()
#7 {main}
CRITICAL - 2023-07-19 14:53:59 --> Unable to connect to the database.
Main connection [MySQLi]: Access denied for user '****'@'localhost' (using password: YES)
in SYSTEMPATH/Database/BaseConnection.php on line 427.
 1 SYSTEMPATH/Database/BaseConnection.php(574): CodeIgniter\Database\BaseConnection->initialize()
 2 APPPATH/Controllers/Home/Home.php(77): CodeIgniter\Database\BaseConnection->query('SELECT * FROM deposito_muqayyadah_mudharabahs WHERE jenis_deposito = \'Deposito Mutlaqah\'')
 3 SYSTEMPATH/CodeIgniter.php(934): App\Controllers\Home\Home->depositoMutlaqah()
 4 SYSTEMPATH/CodeIgniter.php(499): CodeIgniter\CodeIgniter->runController(Object(App\Controllers\Home\Home))
 5 SYSTEMPATH/CodeIgniter.php(368): CodeIgniter\CodeIgniter->handleRequest(null, Object(Config\Cache), false)
 6 FCPATH/index.php(34): CodeIgniter\CodeIgniter->run()
INFO - 2023-07-19 14:53:59 --> Session: Class initialized using 'CodeIgniter\Session\Handlers\FileHandler' driver.
ERROR - 2023-07-19 14:53:59 --> Error connecting to the database: mysqli_sql_exception: Access denied for user 'banf2195'@'localhost' (using password: YES) in /Applications/MAMP/htdocs/albarokah-v2/system/Database/MySQLi/Connection.php:174
Stack trace:
#0 /Applications/MAMP/htdocs/albarokah-v2/system/Database/MySQLi/Connection.php(174): mysqli->real_connect('localhost:3306', 'banf2195', 'VvFAaZTmQN3X81', 'banf2195_user_d...', 3306, '', 0)
#1 /Applications/MAMP/htdocs/albarokah-v2/system/Database/BaseConnection.php(391): CodeIgniter\Database\MySQLi\Connection->connect(false)
#2 /Applications/MAMP/htdocs/albarokah-v2/system/Database/BaseConnection.php(574): CodeIgniter\Database\BaseConnection->initialize()
#3 /Applications/MAMP/htdocs/albarokah-v2/app/Controllers/Home/Home.php(77): CodeIgniter\Database\BaseConnection->query('SELECT * FROM d...')
#4 /Applications/MAMP/htdocs/albarokah-v2/system/CodeIgniter.php(934): App\Controllers\Home\Home->depositoMutlaqah()
#5 /Applications/MAMP/htdocs/albarokah-v2/system/CodeIgniter.php(499): CodeIgniter\CodeIgniter->runController(Object(App\Controllers\Home\Home))
#6 /Applications/MAMP/htdocs/albarokah-v2/system/CodeIgniter.php(368): CodeIgniter\CodeIgniter->handleRequest(NULL, Object(Config\Cache), false)
#7 /Applications/MAMP/htdocs/albarokah-v2/index.php(34): CodeIgniter\CodeIgniter->run()
#8 {main}

Next CodeIgniter\Database\Exceptions\DatabaseException: Access denied for user '****'@'localhost' (using password: YES) in /Applications/MAMP/htdocs/albarokah-v2/system/Database/MySQLi/Connection.php:218
Stack trace:
#0 /Applications/MAMP/htdocs/albarokah-v2/system/Database/BaseConnection.php(391): CodeIgniter\Database\MySQLi\Connection->connect(false)
#1 /Applications/MAMP/htdocs/albarokah-v2/system/Database/BaseConnection.php(574): CodeIgniter\Database\BaseConnection->initialize()
#2 /Applications/MAMP/htdocs/albarokah-v2/app/Controllers/Home/Home.php(77): CodeIgniter\Database\BaseConnection->query('SELECT * FROM d...')
#3 /Applications/MAMP/htdocs/albarokah-v2/system/CodeIgniter.php(934): App\Controllers\Home\Home->depositoMutlaqah()
#4 /Applications/MAMP/htdocs/albarokah-v2/system/CodeIgniter.php(499): CodeIgniter\CodeIgniter->runController(Object(App\Controllers\Home\Home))
#5 /Applications/MAMP/htdocs/albarokah-v2/system/CodeIgniter.php(368): CodeIgniter\CodeIgniter->handleRequest(NULL, Object(Config\Cache), false)
#6 /Applications/MAMP/htdocs/albarokah-v2/index.php(34): CodeIgniter\CodeIgniter->run()
#7 {main}
CRITICAL - 2023-07-19 14:53:59 --> Unable to connect to the database.
Main connection [MySQLi]: Access denied for user '****'@'localhost' (using password: YES)
in SYSTEMPATH/Database/BaseConnection.php on line 427.
 1 SYSTEMPATH/Database/BaseConnection.php(574): CodeIgniter\Database\BaseConnection->initialize()
 2 APPPATH/Controllers/Home/Home.php(77): CodeIgniter\Database\BaseConnection->query('SELECT * FROM deposito_muqayyadah_mudharabahs WHERE jenis_deposito = \'Deposito Mutlaqah\'')
 3 SYSTEMPATH/CodeIgniter.php(934): App\Controllers\Home\Home->depositoMutlaqah()
 4 SYSTEMPATH/CodeIgniter.php(499): CodeIgniter\CodeIgniter->runController(Object(App\Controllers\Home\Home))
 5 SYSTEMPATH/CodeIgniter.php(368): CodeIgniter\CodeIgniter->handleRequest(null, Object(Config\Cache), false)
 6 FCPATH/index.php(34): CodeIgniter\CodeIgniter->run()
INFO - 2023-07-19 14:54:20 --> Session: Class initialized using 'CodeIgniter\Session\Handlers\FileHandler' driver.
ERROR - 2023-07-19 14:54:20 --> Error connecting to the database: mysqli_sql_exception: Unknown database 'albarokah' in /Applications/MAMP/htdocs/albarokah-v2/system/Database/MySQLi/Connection.php:174
Stack trace:
#0 /Applications/MAMP/htdocs/albarokah-v2/system/Database/MySQLi/Connection.php(174): mysqli->real_connect('localhost', 'root', 'root', 'albarokah', 3306, '', 0)
#1 /Applications/MAMP/htdocs/albarokah-v2/system/Database/BaseConnection.php(391): CodeIgniter\Database\MySQLi\Connection->connect(false)
#2 /Applications/MAMP/htdocs/albarokah-v2/system/Database/BaseConnection.php(574): CodeIgniter\Database\BaseConnection->initialize()
#3 /Applications/MAMP/htdocs/albarokah-v2/app/Controllers/Home/Home.php(77): CodeIgniter\Database\BaseConnection->query('SELECT * FROM d...')
#4 /Applications/MAMP/htdocs/albarokah-v2/system/CodeIgniter.php(934): App\Controllers\Home\Home->depositoMutlaqah()
#5 /Applications/MAMP/htdocs/albarokah-v2/system/CodeIgniter.php(499): CodeIgniter\CodeIgniter->runController(Object(App\Controllers\Home\Home))
#6 /Applications/MAMP/htdocs/albarokah-v2/system/CodeIgniter.php(368): CodeIgniter\CodeIgniter->handleRequest(NULL, Object(Config\Cache), false)
#7 /Applications/MAMP/htdocs/albarokah-v2/index.php(34): CodeIgniter\CodeIgniter->run()
#8 {main}

Next CodeIgniter\Database\Exceptions\DatabaseException: Unknown database 'albarokah' in /Applications/MAMP/htdocs/albarokah-v2/system/Database/MySQLi/Connection.php:218
Stack trace:
#0 /Applications/MAMP/htdocs/albarokah-v2/system/Database/BaseConnection.php(391): CodeIgniter\Database\MySQLi\Connection->connect(false)
#1 /Applications/MAMP/htdocs/albarokah-v2/system/Database/BaseConnection.php(574): CodeIgniter\Database\BaseConnection->initialize()
#2 /Applications/MAMP/htdocs/albarokah-v2/app/Controllers/Home/Home.php(77): CodeIgniter\Database\BaseConnection->query('SELECT * FROM d...')
#3 /Applications/MAMP/htdocs/albarokah-v2/system/CodeIgniter.php(934): App\Controllers\Home\Home->depositoMutlaqah()
#4 /Applications/MAMP/htdocs/albarokah-v2/system/CodeIgniter.php(499): CodeIgniter\CodeIgniter->runController(Object(App\Controllers\Home\Home))
#5 /Applications/MAMP/htdocs/albarokah-v2/system/CodeIgniter.php(368): CodeIgniter\CodeIgniter->handleRequest(NULL, Object(Config\Cache), false)
#6 /Applications/MAMP/htdocs/albarokah-v2/index.php(34): CodeIgniter\CodeIgniter->run()
#7 {main}
CRITICAL - 2023-07-19 14:54:20 --> Unable to connect to the database.
Main connection [MySQLi]: Unknown database 'albarokah'
in SYSTEMPATH/Database/BaseConnection.php on line 427.
 1 SYSTEMPATH/Database/BaseConnection.php(574): CodeIgniter\Database\BaseConnection->initialize()
 2 APPPATH/Controllers/Home/Home.php(77): CodeIgniter\Database\BaseConnection->query('SELECT * FROM deposito_muqayyadah_mudharabahs WHERE jenis_deposito = \'Deposito Mutlaqah\'')
 3 SYSTEMPATH/CodeIgniter.php(934): App\Controllers\Home\Home->depositoMutlaqah()
 4 SYSTEMPATH/CodeIgniter.php(499): CodeIgniter\CodeIgniter->runController(Object(App\Controllers\Home\Home))
 5 SYSTEMPATH/CodeIgniter.php(368): CodeIgniter\CodeIgniter->handleRequest(null, Object(Config\Cache), false)
 6 FCPATH/index.php(34): CodeIgniter\CodeIgniter->run()
INFO - 2023-07-19 14:54:21 --> Session: Class initialized using 'CodeIgniter\Session\Handlers\FileHandler' driver.
INFO - 2023-07-19 14:55:42 --> Session: Class initialized using 'CodeIgniter\Session\Handlers\FileHandler' driver.
INFO - 2023-07-19 14:56:25 --> Session: Class initialized using 'CodeIgniter\Session\Handlers\FileHandler' driver.
INFO - 2023-07-19 14:56:41 --> Session: Class initialized using 'CodeIgniter\Session\Handlers\FileHandler' driver.
INFO - 2023-07-19 14:56:42 --> Session: Class initialized using 'CodeIgniter\Session\Handlers\FileHandler' driver.
INFO - 2023-07-19 14:56:43 --> Session: Class initialized using 'CodeIgniter\Session\Handlers\FileHandler' driver.
INFO - 2023-07-19 14:56:43 --> Session: Class initialized using 'CodeIgniter\Session\Handlers\FileHandler' driver.
INFO - 2023-07-19 14:56:44 --> Session: Class initialized using 'CodeIgniter\Session\Handlers\FileHandler' driver.
INFO - 2023-07-19 14:56:45 --> Session: Class initialized using 'CodeIgniter\Session\Handlers\FileHandler' driver.
INFO - 2023-07-19 14:56:46 --> Session: Class initialized using 'CodeIgniter\Session\Handlers\FileHandler' driver.
INFO - 2023-07-19 14:58:01 --> Session: Class initialized using 'CodeIgniter\Session\Handlers\FileHandler' driver.
INFO - 2023-07-19 14:58:02 --> Session: Class initialized using 'CodeIgniter\Session\Handlers\FileHandler' driver.
INFO - 2023-07-19 14:58:07 --> Session: Class initialized using 'CodeIgniter\Session\Handlers\FileHandler' driver.
INFO - 2023-07-19 14:58:08 --> Session: Class initialized using 'CodeIgniter\Session\Handlers\FileHandler' driver.
INFO - 2023-07-19 14:58:09 --> Session: Class initialized using 'CodeIgniter\Session\Handlers\FileHandler' driver.
INFO - 2023-07-19 14:58:10 --> Session: Class initialized using 'CodeIgniter\Session\Handlers\FileHandler' driver.
INFO - 2023-07-19 14:58:20 --> Session: Class initialized using 'CodeIgniter\Session\Handlers\FileHandler' driver.
INFO - 2023-07-19 14:58:20 --> Session: Class initialized using 'CodeIgniter\Session\Handlers\FileHandler' driver.
INFO - 2023-07-19 14:58:21 --> Session: Class initialized using 'CodeIgniter\Session\Handlers\FileHandler' driver.
INFO - 2023-07-19 14:58:46 --> Session: Class initialized using 'CodeIgniter\Session\Handlers\FileHandler' driver.
INFO - 2023-07-19 14:58:47 --> Session: Class initialized using 'CodeIgniter\Session\Handlers\FileHandler' driver.
INFO - 2023-07-19 14:58:48 --> Session: Class initialized using 'CodeIgniter\Session\Handlers\FileHandler' driver.
INFO - 2023-07-19 14:58:55 --> Session: Class initialized using 'CodeIgniter\Session\Handlers\FileHandler' driver.
INFO - 2023-07-19 14:58:55 --> Session: Class initialized using 'CodeIgniter\Session\Handlers\FileHandler' driver.
INFO - 2023-07-19 14:58:56 --> Session: Class initialized using 'CodeIgniter\Session\Handlers\FileHandler' driver.
INFO - 2023-07-19 15:00:29 --> Session: Class initialized using 'CodeIgniter\Session\Handlers\FileHandler' driver.
INFO - 2023-07-19 15:00:30 --> Session: Class initialized using 'CodeIgniter\Session\Handlers\FileHandler' driver.
INFO - 2023-07-19 15:00:31 --> Session: Class initialized using 'CodeIgniter\Session\Handlers\FileHandler' driver.
INFO - 2023-07-19 15:00:32 --> Session: Class initialized using 'CodeIgniter\Session\Handlers\FileHandler' driver.
INFO - 2023-07-19 15:01:43 --> Session: Class initialized using 'CodeIgniter\Session\Handlers\FileHandler' driver.
INFO - 2023-07-19 15:01:44 --> Session: Class initialized using 'CodeIgniter\Session\Handlers\FileHandler' driver.
INFO - 2023-07-19 15:02:00 --> Session: Class initialized using 'CodeIgniter\Session\Handlers\FileHandler' driver.
INFO - 2023-07-19 15:02:00 --> Session: Class initialized using 'CodeIgniter\Session\Handlers\FileHandler' driver.
INFO - 2023-07-19 15:02:01 --> Session: Class initialized using 'CodeIgniter\Session\Handlers\FileHandler' driver.
