CRITICAL - 2023-06-19 17:32:21 --> Call to undefined function baes_url()
in APPPATH/Views/home/index.php on line 115.
 1 SYSTEMPATH/View/View.php(213): include()
 2 SYSTEMPATH/View/View.php(216): CodeIgniter\View\View->CodeIgniter\View\{closure}()
 3 SYSTEMPATH/Common.php(1184): CodeIgniter\View\View->render('home/index', [], true)
 4 APPPATH/Controllers/Home/Home.php(12): view('home/index', [...])
 5 SYSTEMPATH/CodeIgniter.php(934): App\Controllers\Home\Home->home()
 6 SYSTEMPATH/CodeIgniter.php(499): CodeIgniter\CodeIgniter->runController(Object(App\Controllers\Home\Home))
 7 SYSTEMPATH/CodeIgniter.php(368): CodeIgniter\CodeIgniter->handleRequest(null, Object(Config\Cache), false)
 8 FCPATH/index.php(34): CodeIgniter\CodeIgniter->run()
CRITICAL - 2023-06-19 17:32:22 --> Call to undefined function baes_url()
in APPPATH/Views/home/index.php on line 115.
 1 SYSTEMPATH/View/View.php(213): include()
 2 SYSTEMPATH/View/View.php(216): CodeIgniter\View\View->CodeIgniter\View\{closure}()
 3 SYSTEMPATH/Common.php(1184): CodeIgniter\View\View->render('home/index', [], true)
 4 APPPATH/Controllers/Home/Home.php(12): view('home/index', [...])
 5 SYSTEMPATH/CodeIgniter.php(934): App\Controllers\Home\Home->home()
 6 SYSTEMPATH/CodeIgniter.php(499): CodeIgniter\CodeIgniter->runController(Object(App\Controllers\Home\Home))
 7 SYSTEMPATH/CodeIgniter.php(368): CodeIgniter\CodeIgniter->handleRequest(null, Object(Config\Cache), false)
 8 FCPATH/index.php(34): CodeIgniter\CodeIgniter->run()
CRITICAL - 2023-06-19 17:32:26 --> Call to undefined function baes_url()
in APPPATH/Views/home/index.php on line 115.
 1 SYSTEMPATH/View/View.php(213): include()
 2 SYSTEMPATH/View/View.php(216): CodeIgniter\View\View->CodeIgniter\View\{closure}()
 3 SYSTEMPATH/Common.php(1184): CodeIgniter\View\View->render('home/index', [], true)
 4 APPPATH/Controllers/Home/Home.php(12): view('home/index', [...])
 5 SYSTEMPATH/CodeIgniter.php(934): App\Controllers\Home\Home->home()
 6 SYSTEMPATH/CodeIgniter.php(499): CodeIgniter\CodeIgniter->runController(Object(App\Controllers\Home\Home))
 7 SYSTEMPATH/CodeIgniter.php(368): CodeIgniter\CodeIgniter->handleRequest(null, Object(Config\Cache), false)
 8 FCPATH/index.php(34): CodeIgniter\CodeIgniter->run()
