CRITICAL - 2023-10-11 13:05:54 --> Invalid file: "home/index.php"
in SYSTEMPATH/Exceptions/FrameworkException.php on line 33.
 1 SYSTEMPATH/View/View.php(201): CodeIgniter\Exceptions\FrameworkException::forInvalidFile('home/index.php')
 2 SYSTEMPATH/Common.php(1184): CodeIgniter\View\View->render('home/index', [], true)
 3 APPPATH/Controllers/Home/Home.php(151): view('home/index', [...])
 4 SYSTEMPATH/CodeIgniter.php(934): App\Controllers\Home\Home->home()
 5 SYSTEMPATH/CodeIgniter.php(499): CodeIgniter\CodeIgniter->runController(Object(App\Controllers\Home\Home))
 6 SYSTEMPATH/CodeIgniter.php(368): CodeIgniter\CodeIgniter->handleRequest(null, Object(Config\Cache), false)
 7 FCPATH/index.php(34): CodeIgniter\CodeIgniter->run()
CRITICAL - 2023-10-11 14:13:03 --> Invalid file: "layouts/lefpart.php"
in SYSTEMPATH/Exceptions/FrameworkException.php on line 33.
 1 SYSTEMPATH/View/View.php(201): CodeIgniter\Exceptions\FrameworkException::forInvalidFile('layouts/lefpart.php')
 2 SYSTEMPATH/Common.php(1184): CodeIgniter\View\View->render('layouts/lefpart', [], true)
 3 APPPATH/Views/index.php(20): view('layouts/lefpart')
 4 SYSTEMPATH/View/View.php(213): include('/Applications/MAMP/htdocs/artiq/app/Views/index.php')
 5 SYSTEMPATH/View/View.php(216): CodeIgniter\View\View->CodeIgniter\View\{closure}()
 6 SYSTEMPATH/Common.php(1184): CodeIgniter\View\View->render('index', [], true)
 7 APPPATH/Controllers/Home/Home.php(151): view('index', [...])
 8 SYSTEMPATH/CodeIgniter.php(934): App\Controllers\Home\Home->home()
 9 SYSTEMPATH/CodeIgniter.php(499): CodeIgniter\CodeIgniter->runController(Object(App\Controllers\Home\Home))
10 SYSTEMPATH/CodeIgniter.php(368): CodeIgniter\CodeIgniter->handleRequest(null, Object(Config\Cache), false)
11 FCPATH/index.php(34): CodeIgniter\CodeIgniter->run()
CRITICAL - 2023-10-11 14:13:04 --> Invalid file: "layouts/lefpart.php"
in SYSTEMPATH/Exceptions/FrameworkException.php on line 33.
 1 SYSTEMPATH/View/View.php(201): CodeIgniter\Exceptions\FrameworkException::forInvalidFile('layouts/lefpart.php')
 2 SYSTEMPATH/Common.php(1184): CodeIgniter\View\View->render('layouts/lefpart', [], true)
 3 APPPATH/Views/index.php(20): view('layouts/lefpart')
 4 SYSTEMPATH/View/View.php(213): include('/Applications/MAMP/htdocs/artiq/app/Views/index.php')
 5 SYSTEMPATH/View/View.php(216): CodeIgniter\View\View->CodeIgniter\View\{closure}()
 6 SYSTEMPATH/Common.php(1184): CodeIgniter\View\View->render('index', [], true)
 7 APPPATH/Controllers/Home/Home.php(151): view('index', [...])
 8 SYSTEMPATH/CodeIgniter.php(934): App\Controllers\Home\Home->home()
 9 SYSTEMPATH/CodeIgniter.php(499): CodeIgniter\CodeIgniter->runController(Object(App\Controllers\Home\Home))
10 SYSTEMPATH/CodeIgniter.php(368): CodeIgniter\CodeIgniter->handleRequest(null, Object(Config\Cache), false)
11 FCPATH/index.php(34): CodeIgniter\CodeIgniter->run()
CRITICAL - 2023-10-11 14:13:07 --> Invalid file: "layouts/lefpart.php"
in SYSTEMPATH/Exceptions/FrameworkException.php on line 33.
 1 SYSTEMPATH/View/View.php(201): CodeIgniter\Exceptions\FrameworkException::forInvalidFile('layouts/lefpart.php')
 2 SYSTEMPATH/Common.php(1184): CodeIgniter\View\View->render('layouts/lefpart', [], true)
 3 APPPATH/Views/index.php(20): view('layouts/lefpart')
 4 SYSTEMPATH/View/View.php(213): include('/Applications/MAMP/htdocs/artiq/app/Views/index.php')
 5 SYSTEMPATH/View/View.php(216): CodeIgniter\View\View->CodeIgniter\View\{closure}()
 6 SYSTEMPATH/Common.php(1184): CodeIgniter\View\View->render('index', [], true)
 7 APPPATH/Controllers/Home/Home.php(151): view('index', [...])
 8 SYSTEMPATH/CodeIgniter.php(934): App\Controllers\Home\Home->home()
 9 SYSTEMPATH/CodeIgniter.php(499): CodeIgniter\CodeIgniter->runController(Object(App\Controllers\Home\Home))
10 SYSTEMPATH/CodeIgniter.php(368): CodeIgniter\CodeIgniter->handleRequest(null, Object(Config\Cache), false)
11 FCPATH/index.php(34): CodeIgniter\CodeIgniter->run()
CRITICAL - 2023-10-11 14:13:19 --> Invalid file: "layouts/lefpart.php"
in SYSTEMPATH/Exceptions/FrameworkException.php on line 33.
 1 SYSTEMPATH/View/View.php(201): CodeIgniter\Exceptions\FrameworkException::forInvalidFile('layouts/lefpart.php')
 2 SYSTEMPATH/Common.php(1184): CodeIgniter\View\View->render('layouts/lefpart', [], true)
 3 APPPATH/Views/index.php(20): view('layouts/lefpart')
 4 SYSTEMPATH/View/View.php(213): include('/Applications/MAMP/htdocs/artiq/app/Views/index.php')
 5 SYSTEMPATH/View/View.php(216): CodeIgniter\View\View->CodeIgniter\View\{closure}()
 6 SYSTEMPATH/Common.php(1184): CodeIgniter\View\View->render('index', [], true)
 7 APPPATH/Controllers/Home/Home.php(151): view('index', [...])
 8 SYSTEMPATH/CodeIgniter.php(934): App\Controllers\Home\Home->home()
 9 SYSTEMPATH/CodeIgniter.php(499): CodeIgniter\CodeIgniter->runController(Object(App\Controllers\Home\Home))
10 SYSTEMPATH/CodeIgniter.php(368): CodeIgniter\CodeIgniter->handleRequest(null, Object(Config\Cache), false)
11 FCPATH/index.php(34): CodeIgniter\CodeIgniter->run()
CRITICAL - 2023-10-11 14:13:20 --> Invalid file: "layouts/lefpart.php"
in SYSTEMPATH/Exceptions/FrameworkException.php on line 33.
 1 SYSTEMPATH/View/View.php(201): CodeIgniter\Exceptions\FrameworkException::forInvalidFile('layouts/lefpart.php')
 2 SYSTEMPATH/Common.php(1184): CodeIgniter\View\View->render('layouts/lefpart', [], true)
 3 APPPATH/Views/index.php(20): view('layouts/lefpart')
 4 SYSTEMPATH/View/View.php(213): include('/Applications/MAMP/htdocs/artiq/app/Views/index.php')
 5 SYSTEMPATH/View/View.php(216): CodeIgniter\View\View->CodeIgniter\View\{closure}()
 6 SYSTEMPATH/Common.php(1184): CodeIgniter\View\View->render('index', [], true)
 7 APPPATH/Controllers/Home/Home.php(151): view('index', [...])
 8 SYSTEMPATH/CodeIgniter.php(934): App\Controllers\Home\Home->home()
 9 SYSTEMPATH/CodeIgniter.php(499): CodeIgniter\CodeIgniter->runController(Object(App\Controllers\Home\Home))
10 SYSTEMPATH/CodeIgniter.php(368): CodeIgniter\CodeIgniter->handleRequest(null, Object(Config\Cache), false)
11 FCPATH/index.php(34): CodeIgniter\CodeIgniter->run()
CRITICAL - 2023-10-11 14:13:22 --> Invalid file: "layouts/lefpart.php"
in SYSTEMPATH/Exceptions/FrameworkException.php on line 33.
 1 SYSTEMPATH/View/View.php(201): CodeIgniter\Exceptions\FrameworkException::forInvalidFile('layouts/lefpart.php')
 2 SYSTEMPATH/Common.php(1184): CodeIgniter\View\View->render('layouts/lefpart', [], true)
 3 APPPATH/Views/index.php(20): view('layouts/lefpart')
 4 SYSTEMPATH/View/View.php(213): include('/Applications/MAMP/htdocs/artiq/app/Views/index.php')
 5 SYSTEMPATH/View/View.php(216): CodeIgniter\View\View->CodeIgniter\View\{closure}()
 6 SYSTEMPATH/Common.php(1184): CodeIgniter\View\View->render('index', [], true)
 7 APPPATH/Controllers/Home/Home.php(151): view('index', [...])
 8 SYSTEMPATH/CodeIgniter.php(934): App\Controllers\Home\Home->home()
 9 SYSTEMPATH/CodeIgniter.php(499): CodeIgniter\CodeIgniter->runController(Object(App\Controllers\Home\Home))
10 SYSTEMPATH/CodeIgniter.php(368): CodeIgniter\CodeIgniter->handleRequest(null, Object(Config\Cache), false)
11 FCPATH/index.php(34): CodeIgniter\CodeIgniter->run()
CRITICAL - 2023-10-11 14:13:23 --> Invalid file: "layouts/lefpart.php"
in SYSTEMPATH/Exceptions/FrameworkException.php on line 33.
 1 SYSTEMPATH/View/View.php(201): CodeIgniter\Exceptions\FrameworkException::forInvalidFile('layouts/lefpart.php')
 2 SYSTEMPATH/Common.php(1184): CodeIgniter\View\View->render('layouts/lefpart', [], true)
 3 APPPATH/Views/index.php(20): view('layouts/lefpart')
 4 SYSTEMPATH/View/View.php(213): include('/Applications/MAMP/htdocs/artiq/app/Views/index.php')
 5 SYSTEMPATH/View/View.php(216): CodeIgniter\View\View->CodeIgniter\View\{closure}()
 6 SYSTEMPATH/Common.php(1184): CodeIgniter\View\View->render('index', [], true)
 7 APPPATH/Controllers/Home/Home.php(151): view('index', [...])
 8 SYSTEMPATH/CodeIgniter.php(934): App\Controllers\Home\Home->home()
 9 SYSTEMPATH/CodeIgniter.php(499): CodeIgniter\CodeIgniter->runController(Object(App\Controllers\Home\Home))
10 SYSTEMPATH/CodeIgniter.php(368): CodeIgniter\CodeIgniter->handleRequest(null, Object(Config\Cache), false)
11 FCPATH/index.php(34): CodeIgniter\CodeIgniter->run()
CRITICAL - 2023-10-11 14:13:26 --> Invalid file: "layouts/lefpart.php"
in SYSTEMPATH/Exceptions/FrameworkException.php on line 33.
 1 SYSTEMPATH/View/View.php(201): CodeIgniter\Exceptions\FrameworkException::forInvalidFile('layouts/lefpart.php')
 2 SYSTEMPATH/Common.php(1184): CodeIgniter\View\View->render('layouts/lefpart', [], true)
 3 APPPATH/Views/index.php(20): view('layouts/lefpart')
 4 SYSTEMPATH/View/View.php(213): include('/Applications/MAMP/htdocs/artiq/app/Views/index.php')
 5 SYSTEMPATH/View/View.php(216): CodeIgniter\View\View->CodeIgniter\View\{closure}()
 6 SYSTEMPATH/Common.php(1184): CodeIgniter\View\View->render('index', [], true)
 7 APPPATH/Controllers/Home/Home.php(151): view('index', [...])
 8 SYSTEMPATH/CodeIgniter.php(934): App\Controllers\Home\Home->home()
 9 SYSTEMPATH/CodeIgniter.php(499): CodeIgniter\CodeIgniter->runController(Object(App\Controllers\Home\Home))
10 SYSTEMPATH/CodeIgniter.php(368): CodeIgniter\CodeIgniter->handleRequest(null, Object(Config\Cache), false)
11 FCPATH/index.php(34): CodeIgniter\CodeIgniter->run()
CRITICAL - 2023-10-11 14:20:28 --> Invalid file: "layouts/rightpart.php"
in SYSTEMPATH/Exceptions/FrameworkException.php on line 33.
 1 SYSTEMPATH/View/View.php(201): CodeIgniter\Exceptions\FrameworkException::forInvalidFile('layouts/rightpart.php')
 2 SYSTEMPATH/Common.php(1184): CodeIgniter\View\View->render('layouts/rightpart', [], true)
 3 APPPATH/Views/about.php(27): view('layouts/rightpart')
 4 SYSTEMPATH/View/View.php(213): include('/Applications/MAMP/htdocs/artiq/app/Views/about.php')
 5 SYSTEMPATH/View/View.php(216): CodeIgniter\View\View->CodeIgniter\View\{closure}()
 6 SYSTEMPATH/Common.php(1184): CodeIgniter\View\View->render('about', [], true)
 7 APPPATH/Controllers/Home/Home.php(157): view('about', [...])
 8 SYSTEMPATH/CodeIgniter.php(934): App\Controllers\Home\Home->aboutus()
 9 SYSTEMPATH/CodeIgniter.php(499): CodeIgniter\CodeIgniter->runController(Object(App\Controllers\Home\Home))
10 SYSTEMPATH/CodeIgniter.php(368): CodeIgniter\CodeIgniter->handleRequest(null, Object(Config\Cache), false)
11 FCPATH/index.php(34): CodeIgniter\CodeIgniter->run()
CRITICAL - 2023-10-11 14:20:52 --> Invalid file: "layouts/rightpart.php"
in SYSTEMPATH/Exceptions/FrameworkException.php on line 33.
 1 SYSTEMPATH/View/View.php(201): CodeIgniter\Exceptions\FrameworkException::forInvalidFile('layouts/rightpart.php')
 2 SYSTEMPATH/Common.php(1184): CodeIgniter\View\View->render('layouts/rightpart', [], true)
 3 APPPATH/Views/about.php(27): view('layouts/rightpart')
 4 SYSTEMPATH/View/View.php(213): include('/Applications/MAMP/htdocs/artiq/app/Views/about.php')
 5 SYSTEMPATH/View/View.php(216): CodeIgniter\View\View->CodeIgniter\View\{closure}()
 6 SYSTEMPATH/Common.php(1184): CodeIgniter\View\View->render('about', [], true)
 7 APPPATH/Controllers/Home/Home.php(157): view('about', [...])
 8 SYSTEMPATH/CodeIgniter.php(934): App\Controllers\Home\Home->aboutus()
 9 SYSTEMPATH/CodeIgniter.php(499): CodeIgniter\CodeIgniter->runController(Object(App\Controllers\Home\Home))
10 SYSTEMPATH/CodeIgniter.php(368): CodeIgniter\CodeIgniter->handleRequest(null, Object(Config\Cache), false)
11 FCPATH/index.php(34): CodeIgniter\CodeIgniter->run()
CRITICAL - 2023-10-11 14:20:53 --> Invalid file: "layouts/rightpart.php"
in SYSTEMPATH/Exceptions/FrameworkException.php on line 33.
 1 SYSTEMPATH/View/View.php(201): CodeIgniter\Exceptions\FrameworkException::forInvalidFile('layouts/rightpart.php')
 2 SYSTEMPATH/Common.php(1184): CodeIgniter\View\View->render('layouts/rightpart', [], true)
 3 APPPATH/Views/about.php(27): view('layouts/rightpart')
 4 SYSTEMPATH/View/View.php(213): include('/Applications/MAMP/htdocs/artiq/app/Views/about.php')
 5 SYSTEMPATH/View/View.php(216): CodeIgniter\View\View->CodeIgniter\View\{closure}()
 6 SYSTEMPATH/Common.php(1184): CodeIgniter\View\View->render('about', [], true)
 7 APPPATH/Controllers/Home/Home.php(157): view('about', [...])
 8 SYSTEMPATH/CodeIgniter.php(934): App\Controllers\Home\Home->aboutus()
 9 SYSTEMPATH/CodeIgniter.php(499): CodeIgniter\CodeIgniter->runController(Object(App\Controllers\Home\Home))
10 SYSTEMPATH/CodeIgniter.php(368): CodeIgniter\CodeIgniter->handleRequest(null, Object(Config\Cache), false)
11 FCPATH/index.php(34): CodeIgniter\CodeIgniter->run()
CRITICAL - 2023-10-11 14:20:56 --> Invalid file: "layouts/rightpart.php"
in SYSTEMPATH/Exceptions/FrameworkException.php on line 33.
 1 SYSTEMPATH/View/View.php(201): CodeIgniter\Exceptions\FrameworkException::forInvalidFile('layouts/rightpart.php')
 2 SYSTEMPATH/Common.php(1184): CodeIgniter\View\View->render('layouts/rightpart', [], true)
 3 APPPATH/Views/about.php(27): view('layouts/rightpart')
 4 SYSTEMPATH/View/View.php(213): include('/Applications/MAMP/htdocs/artiq/app/Views/about.php')
 5 SYSTEMPATH/View/View.php(216): CodeIgniter\View\View->CodeIgniter\View\{closure}()
 6 SYSTEMPATH/Common.php(1184): CodeIgniter\View\View->render('about', [], true)
 7 APPPATH/Controllers/Home/Home.php(157): view('about', [...])
 8 SYSTEMPATH/CodeIgniter.php(934): App\Controllers\Home\Home->aboutus()
 9 SYSTEMPATH/CodeIgniter.php(499): CodeIgniter\CodeIgniter->runController(Object(App\Controllers\Home\Home))
10 SYSTEMPATH/CodeIgniter.php(368): CodeIgniter\CodeIgniter->handleRequest(null, Object(Config\Cache), false)
11 FCPATH/index.php(34): CodeIgniter\CodeIgniter->run()
CRITICAL - 2023-10-11 14:21:35 --> Invalid file: "layouts/rightpart.php"
in SYSTEMPATH/Exceptions/FrameworkException.php on line 33.
 1 SYSTEMPATH/View/View.php(201): CodeIgniter\Exceptions\FrameworkException::forInvalidFile('layouts/rightpart.php')
 2 SYSTEMPATH/Common.php(1184): CodeIgniter\View\View->render('layouts/rightpart', [], true)
 3 APPPATH/Views/about.php(27): view('layouts/rightpart')
 4 SYSTEMPATH/View/View.php(213): include('/Applications/MAMP/htdocs/artiq/app/Views/about.php')
 5 SYSTEMPATH/View/View.php(216): CodeIgniter\View\View->CodeIgniter\View\{closure}()
 6 SYSTEMPATH/Common.php(1184): CodeIgniter\View\View->render('about', [], true)
 7 APPPATH/Controllers/Home/Home.php(157): view('about', [...])
 8 SYSTEMPATH/CodeIgniter.php(934): App\Controllers\Home\Home->aboutus()
 9 SYSTEMPATH/CodeIgniter.php(499): CodeIgniter\CodeIgniter->runController(Object(App\Controllers\Home\Home))
10 SYSTEMPATH/CodeIgniter.php(368): CodeIgniter\CodeIgniter->handleRequest(null, Object(Config\Cache), false)
11 FCPATH/index.php(34): CodeIgniter\CodeIgniter->run()
CRITICAL - 2023-10-11 14:21:36 --> Invalid file: "layouts/rightpart.php"
in SYSTEMPATH/Exceptions/FrameworkException.php on line 33.
 1 SYSTEMPATH/View/View.php(201): CodeIgniter\Exceptions\FrameworkException::forInvalidFile('layouts/rightpart.php')
 2 SYSTEMPATH/Common.php(1184): CodeIgniter\View\View->render('layouts/rightpart', [], true)
 3 APPPATH/Views/about.php(27): view('layouts/rightpart')
 4 SYSTEMPATH/View/View.php(213): include('/Applications/MAMP/htdocs/artiq/app/Views/about.php')
 5 SYSTEMPATH/View/View.php(216): CodeIgniter\View\View->CodeIgniter\View\{closure}()
 6 SYSTEMPATH/Common.php(1184): CodeIgniter\View\View->render('about', [], true)
 7 APPPATH/Controllers/Home/Home.php(157): view('about', [...])
 8 SYSTEMPATH/CodeIgniter.php(934): App\Controllers\Home\Home->aboutus()
 9 SYSTEMPATH/CodeIgniter.php(499): CodeIgniter\CodeIgniter->runController(Object(App\Controllers\Home\Home))
10 SYSTEMPATH/CodeIgniter.php(368): CodeIgniter\CodeIgniter->handleRequest(null, Object(Config\Cache), false)
11 FCPATH/index.php(34): CodeIgniter\CodeIgniter->run()
CRITICAL - 2023-10-11 14:21:36 --> Invalid file: "layouts/rightpart.php"
in SYSTEMPATH/Exceptions/FrameworkException.php on line 33.
 1 SYSTEMPATH/View/View.php(201): CodeIgniter\Exceptions\FrameworkException::forInvalidFile('layouts/rightpart.php')
 2 SYSTEMPATH/Common.php(1184): CodeIgniter\View\View->render('layouts/rightpart', [], true)
 3 APPPATH/Views/about.php(27): view('layouts/rightpart')
 4 SYSTEMPATH/View/View.php(213): include('/Applications/MAMP/htdocs/artiq/app/Views/about.php')
 5 SYSTEMPATH/View/View.php(216): CodeIgniter\View\View->CodeIgniter\View\{closure}()
 6 SYSTEMPATH/Common.php(1184): CodeIgniter\View\View->render('about', [], true)
 7 APPPATH/Controllers/Home/Home.php(157): view('about', [...])
 8 SYSTEMPATH/CodeIgniter.php(934): App\Controllers\Home\Home->aboutus()
 9 SYSTEMPATH/CodeIgniter.php(499): CodeIgniter\CodeIgniter->runController(Object(App\Controllers\Home\Home))
10 SYSTEMPATH/CodeIgniter.php(368): CodeIgniter\CodeIgniter->handleRequest(null, Object(Config\Cache), false)
11 FCPATH/index.php(34): CodeIgniter\CodeIgniter->run()
CRITICAL - 2023-10-11 14:21:36 --> Invalid file: "layouts/rightpart.php"
in SYSTEMPATH/Exceptions/FrameworkException.php on line 33.
 1 SYSTEMPATH/View/View.php(201): CodeIgniter\Exceptions\FrameworkException::forInvalidFile('layouts/rightpart.php')
 2 SYSTEMPATH/Common.php(1184): CodeIgniter\View\View->render('layouts/rightpart', [], true)
 3 APPPATH/Views/about.php(27): view('layouts/rightpart')
 4 SYSTEMPATH/View/View.php(213): include('/Applications/MAMP/htdocs/artiq/app/Views/about.php')
 5 SYSTEMPATH/View/View.php(216): CodeIgniter\View\View->CodeIgniter\View\{closure}()
 6 SYSTEMPATH/Common.php(1184): CodeIgniter\View\View->render('about', [], true)
 7 APPPATH/Controllers/Home/Home.php(157): view('about', [...])
 8 SYSTEMPATH/CodeIgniter.php(934): App\Controllers\Home\Home->aboutus()
 9 SYSTEMPATH/CodeIgniter.php(499): CodeIgniter\CodeIgniter->runController(Object(App\Controllers\Home\Home))
10 SYSTEMPATH/CodeIgniter.php(368): CodeIgniter\CodeIgniter->handleRequest(null, Object(Config\Cache), false)
11 FCPATH/index.php(34): CodeIgniter\CodeIgniter->run()
CRITICAL - 2023-10-11 14:21:36 --> Invalid file: "layouts/rightpart.php"
in SYSTEMPATH/Exceptions/FrameworkException.php on line 33.
 1 SYSTEMPATH/View/View.php(201): CodeIgniter\Exceptions\FrameworkException::forInvalidFile('layouts/rightpart.php')
 2 SYSTEMPATH/Common.php(1184): CodeIgniter\View\View->render('layouts/rightpart', [], true)
 3 APPPATH/Views/about.php(27): view('layouts/rightpart')
 4 SYSTEMPATH/View/View.php(213): include('/Applications/MAMP/htdocs/artiq/app/Views/about.php')
 5 SYSTEMPATH/View/View.php(216): CodeIgniter\View\View->CodeIgniter\View\{closure}()
 6 SYSTEMPATH/Common.php(1184): CodeIgniter\View\View->render('about', [], true)
 7 APPPATH/Controllers/Home/Home.php(157): view('about', [...])
 8 SYSTEMPATH/CodeIgniter.php(934): App\Controllers\Home\Home->aboutus()
 9 SYSTEMPATH/CodeIgniter.php(499): CodeIgniter\CodeIgniter->runController(Object(App\Controllers\Home\Home))
10 SYSTEMPATH/CodeIgniter.php(368): CodeIgniter\CodeIgniter->handleRequest(null, Object(Config\Cache), false)
11 FCPATH/index.php(34): CodeIgniter\CodeIgniter->run()
CRITICAL - 2023-10-11 14:21:36 --> Invalid file: "layouts/rightpart.php"
in SYSTEMPATH/Exceptions/FrameworkException.php on line 33.
 1 SYSTEMPATH/View/View.php(201): CodeIgniter\Exceptions\FrameworkException::forInvalidFile('layouts/rightpart.php')
 2 SYSTEMPATH/Common.php(1184): CodeIgniter\View\View->render('layouts/rightpart', [], true)
 3 APPPATH/Views/about.php(27): view('layouts/rightpart')
 4 SYSTEMPATH/View/View.php(213): include('/Applications/MAMP/htdocs/artiq/app/Views/about.php')
 5 SYSTEMPATH/View/View.php(216): CodeIgniter\View\View->CodeIgniter\View\{closure}()
 6 SYSTEMPATH/Common.php(1184): CodeIgniter\View\View->render('about', [], true)
 7 APPPATH/Controllers/Home/Home.php(157): view('about', [...])
 8 SYSTEMPATH/CodeIgniter.php(934): App\Controllers\Home\Home->aboutus()
 9 SYSTEMPATH/CodeIgniter.php(499): CodeIgniter\CodeIgniter->runController(Object(App\Controllers\Home\Home))
10 SYSTEMPATH/CodeIgniter.php(368): CodeIgniter\CodeIgniter->handleRequest(null, Object(Config\Cache), false)
11 FCPATH/index.php(34): CodeIgniter\CodeIgniter->run()
CRITICAL - 2023-10-11 14:21:36 --> Invalid file: "layouts/rightpart.php"
in SYSTEMPATH/Exceptions/FrameworkException.php on line 33.
 1 SYSTEMPATH/View/View.php(201): CodeIgniter\Exceptions\FrameworkException::forInvalidFile('layouts/rightpart.php')
 2 SYSTEMPATH/Common.php(1184): CodeIgniter\View\View->render('layouts/rightpart', [], true)
 3 APPPATH/Views/about.php(27): view('layouts/rightpart')
 4 SYSTEMPATH/View/View.php(213): include('/Applications/MAMP/htdocs/artiq/app/Views/about.php')
 5 SYSTEMPATH/View/View.php(216): CodeIgniter\View\View->CodeIgniter\View\{closure}()
 6 SYSTEMPATH/Common.php(1184): CodeIgniter\View\View->render('about', [], true)
 7 APPPATH/Controllers/Home/Home.php(157): view('about', [...])
 8 SYSTEMPATH/CodeIgniter.php(934): App\Controllers\Home\Home->aboutus()
 9 SYSTEMPATH/CodeIgniter.php(499): CodeIgniter\CodeIgniter->runController(Object(App\Controllers\Home\Home))
10 SYSTEMPATH/CodeIgniter.php(368): CodeIgniter\CodeIgniter->handleRequest(null, Object(Config\Cache), false)
11 FCPATH/index.php(34): CodeIgniter\CodeIgniter->run()
CRITICAL - 2023-10-11 14:21:36 --> Invalid file: "layouts/rightpart.php"
in SYSTEMPATH/Exceptions/FrameworkException.php on line 33.
 1 SYSTEMPATH/View/View.php(201): CodeIgniter\Exceptions\FrameworkException::forInvalidFile('layouts/rightpart.php')
 2 SYSTEMPATH/Common.php(1184): CodeIgniter\View\View->render('layouts/rightpart', [], true)
 3 APPPATH/Views/about.php(27): view('layouts/rightpart')
 4 SYSTEMPATH/View/View.php(213): include('/Applications/MAMP/htdocs/artiq/app/Views/about.php')
 5 SYSTEMPATH/View/View.php(216): CodeIgniter\View\View->CodeIgniter\View\{closure}()
 6 SYSTEMPATH/Common.php(1184): CodeIgniter\View\View->render('about', [], true)
 7 APPPATH/Controllers/Home/Home.php(157): view('about', [...])
 8 SYSTEMPATH/CodeIgniter.php(934): App\Controllers\Home\Home->aboutus()
 9 SYSTEMPATH/CodeIgniter.php(499): CodeIgniter\CodeIgniter->runController(Object(App\Controllers\Home\Home))
10 SYSTEMPATH/CodeIgniter.php(368): CodeIgniter\CodeIgniter->handleRequest(null, Object(Config\Cache), false)
11 FCPATH/index.php(34): CodeIgniter\CodeIgniter->run()
CRITICAL - 2023-10-11 14:21:40 --> Invalid file: "layouts/rightpart.php"
in SYSTEMPATH/Exceptions/FrameworkException.php on line 33.
 1 SYSTEMPATH/View/View.php(201): CodeIgniter\Exceptions\FrameworkException::forInvalidFile('layouts/rightpart.php')
 2 SYSTEMPATH/Common.php(1184): CodeIgniter\View\View->render('layouts/rightpart', [], true)
 3 APPPATH/Views/about.php(27): view('layouts/rightpart')
 4 SYSTEMPATH/View/View.php(213): include('/Applications/MAMP/htdocs/artiq/app/Views/about.php')
 5 SYSTEMPATH/View/View.php(216): CodeIgniter\View\View->CodeIgniter\View\{closure}()
 6 SYSTEMPATH/Common.php(1184): CodeIgniter\View\View->render('about', [], true)
 7 APPPATH/Controllers/Home/Home.php(157): view('about', [...])
 8 SYSTEMPATH/CodeIgniter.php(934): App\Controllers\Home\Home->aboutus()
 9 SYSTEMPATH/CodeIgniter.php(499): CodeIgniter\CodeIgniter->runController(Object(App\Controllers\Home\Home))
10 SYSTEMPATH/CodeIgniter.php(368): CodeIgniter\CodeIgniter->handleRequest(null, Object(Config\Cache), false)
11 FCPATH/index.php(34): CodeIgniter\CodeIgniter->run()
CRITICAL - 2023-10-11 14:21:53 --> Invalid file: "layouts/rightpart.php"
in SYSTEMPATH/Exceptions/FrameworkException.php on line 33.
 1 SYSTEMPATH/View/View.php(201): CodeIgniter\Exceptions\FrameworkException::forInvalidFile('layouts/rightpart.php')
 2 SYSTEMPATH/Common.php(1184): CodeIgniter\View\View->render('layouts/rightpart', [], true)
 3 APPPATH/Views/about.php(27): view('layouts/rightpart')
 4 SYSTEMPATH/View/View.php(213): include('/Applications/MAMP/htdocs/artiq/app/Views/about.php')
 5 SYSTEMPATH/View/View.php(216): CodeIgniter\View\View->CodeIgniter\View\{closure}()
 6 SYSTEMPATH/Common.php(1184): CodeIgniter\View\View->render('about', [], true)
 7 APPPATH/Controllers/Home/Home.php(157): view('about', [...])
 8 SYSTEMPATH/CodeIgniter.php(934): App\Controllers\Home\Home->aboutus()
 9 SYSTEMPATH/CodeIgniter.php(499): CodeIgniter\CodeIgniter->runController(Object(App\Controllers\Home\Home))
10 SYSTEMPATH/CodeIgniter.php(368): CodeIgniter\CodeIgniter->handleRequest(null, Object(Config\Cache), false)
11 FCPATH/index.php(34): CodeIgniter\CodeIgniter->run()
