ERROR - 2023-08-03 16:18:16 --> Error connecting to the database: mysqli_sql_exception: Access denied for user 'banf2195'@'localhost' (using password: YES) in /Applications/MAMP/htdocs/albarokah-v2/system/Database/MySQLi/Connection.php:174
Stack trace:
#0 /Applications/MAMP/htdocs/albarokah-v2/system/Database/MySQLi/Connection.php(174): mysqli->real_connect('localhost:3306', 'banf2195', 'VvFAaZTmQN3X81', 'banf2195_user_d...', 3306, '', 0)
#1 /Applications/MAMP/htdocs/albarokah-v2/system/Database/BaseConnection.php(391): CodeIgniter\Database\MySQLi\Connection->connect(false)
#2 /Applications/MAMP/htdocs/albarokah-v2/system/Database/BaseConnection.php(574): CodeIgniter\Database\BaseConnection->initialize()
#3 /Applications/MAMP/htdocs/albarokah-v2/app/Controllers/Home/Home.php(77): CodeIgniter\Database\BaseConnection->query('SELECT * FROM d...')
#4 /Applications/MAMP/htdocs/albarokah-v2/system/CodeIgniter.php(934): App\Controllers\Home\Home->depositoMutlaqah()
#5 /Applications/MAMP/htdocs/albarokah-v2/system/CodeIgniter.php(499): CodeIgniter\CodeIgniter->runController(Object(App\Controllers\Home\Home))
#6 /Applications/MAMP/htdocs/albarokah-v2/system/CodeIgniter.php(368): CodeIgniter\CodeIgniter->handleRequest(NULL, Object(Config\Cache), false)
#7 /Applications/MAMP/htdocs/albarokah-v2/index.php(34): CodeIgniter\CodeIgniter->run()
#8 {main}

Next CodeIgniter\Database\Exceptions\DatabaseException: Access denied for user '****'@'localhost' (using password: YES) in /Applications/MAMP/htdocs/albarokah-v2/system/Database/MySQLi/Connection.php:218
Stack trace:
#0 /Applications/MAMP/htdocs/albarokah-v2/system/Database/BaseConnection.php(391): CodeIgniter\Database\MySQLi\Connection->connect(false)
#1 /Applications/MAMP/htdocs/albarokah-v2/system/Database/BaseConnection.php(574): CodeIgniter\Database\BaseConnection->initialize()
#2 /Applications/MAMP/htdocs/albarokah-v2/app/Controllers/Home/Home.php(77): CodeIgniter\Database\BaseConnection->query('SELECT * FROM d...')
#3 /Applications/MAMP/htdocs/albarokah-v2/system/CodeIgniter.php(934): App\Controllers\Home\Home->depositoMutlaqah()
#4 /Applications/MAMP/htdocs/albarokah-v2/system/CodeIgniter.php(499): CodeIgniter\CodeIgniter->runController(Object(App\Controllers\Home\Home))
#5 /Applications/MAMP/htdocs/albarokah-v2/system/CodeIgniter.php(368): CodeIgniter\CodeIgniter->handleRequest(NULL, Object(Config\Cache), false)
#6 /Applications/MAMP/htdocs/albarokah-v2/index.php(34): CodeIgniter\CodeIgniter->run()
#7 {main}
CRITICAL - 2023-08-03 16:18:16 --> Unable to connect to the database.
Main connection [MySQLi]: Access denied for user '****'@'localhost' (using password: YES)
in SYSTEMPATH/Database/BaseConnection.php on line 427.
 1 SYSTEMPATH/Database/BaseConnection.php(574): CodeIgniter\Database\BaseConnection->initialize()
 2 APPPATH/Controllers/Home/Home.php(77): CodeIgniter\Database\BaseConnection->query('SELECT * FROM deposito_muqayyadah_mudharabahs WHERE jenis_deposito = \'Deposito Mutlaqah\'')
 3 SYSTEMPATH/CodeIgniter.php(934): App\Controllers\Home\Home->depositoMutlaqah()
 4 SYSTEMPATH/CodeIgniter.php(499): CodeIgniter\CodeIgniter->runController(Object(App\Controllers\Home\Home))
 5 SYSTEMPATH/CodeIgniter.php(368): CodeIgniter\CodeIgniter->handleRequest(null, Object(Config\Cache), false)
 6 FCPATH/index.php(34): CodeIgniter\CodeIgniter->run()
ERROR - 2023-08-03 16:18:27 --> Error connecting to the database: mysqli_sql_exception: Unknown database 'albarokah' in /Applications/MAMP/htdocs/albarokah-v2/system/Database/MySQLi/Connection.php:174
Stack trace:
#0 /Applications/MAMP/htdocs/albarokah-v2/system/Database/MySQLi/Connection.php(174): mysqli->real_connect('localhost', 'root', 'root', 'albarokah', 3306, '', 0)
#1 /Applications/MAMP/htdocs/albarokah-v2/system/Database/BaseConnection.php(391): CodeIgniter\Database\MySQLi\Connection->connect(false)
#2 /Applications/MAMP/htdocs/albarokah-v2/system/Database/BaseConnection.php(574): CodeIgniter\Database\BaseConnection->initialize()
#3 /Applications/MAMP/htdocs/albarokah-v2/app/Controllers/Home/Home.php(77): CodeIgniter\Database\BaseConnection->query('SELECT * FROM d...')
#4 /Applications/MAMP/htdocs/albarokah-v2/system/CodeIgniter.php(934): App\Controllers\Home\Home->depositoMutlaqah()
#5 /Applications/MAMP/htdocs/albarokah-v2/system/CodeIgniter.php(499): CodeIgniter\CodeIgniter->runController(Object(App\Controllers\Home\Home))
#6 /Applications/MAMP/htdocs/albarokah-v2/system/CodeIgniter.php(368): CodeIgniter\CodeIgniter->handleRequest(NULL, Object(Config\Cache), false)
#7 /Applications/MAMP/htdocs/albarokah-v2/index.php(34): CodeIgniter\CodeIgniter->run()
#8 {main}

Next CodeIgniter\Database\Exceptions\DatabaseException: Unknown database 'albarokah' in /Applications/MAMP/htdocs/albarokah-v2/system/Database/MySQLi/Connection.php:218
Stack trace:
#0 /Applications/MAMP/htdocs/albarokah-v2/system/Database/BaseConnection.php(391): CodeIgniter\Database\MySQLi\Connection->connect(false)
#1 /Applications/MAMP/htdocs/albarokah-v2/system/Database/BaseConnection.php(574): CodeIgniter\Database\BaseConnection->initialize()
#2 /Applications/MAMP/htdocs/albarokah-v2/app/Controllers/Home/Home.php(77): CodeIgniter\Database\BaseConnection->query('SELECT * FROM d...')
#3 /Applications/MAMP/htdocs/albarokah-v2/system/CodeIgniter.php(934): App\Controllers\Home\Home->depositoMutlaqah()
#4 /Applications/MAMP/htdocs/albarokah-v2/system/CodeIgniter.php(499): CodeIgniter\CodeIgniter->runController(Object(App\Controllers\Home\Home))
#5 /Applications/MAMP/htdocs/albarokah-v2/system/CodeIgniter.php(368): CodeIgniter\CodeIgniter->handleRequest(NULL, Object(Config\Cache), false)
#6 /Applications/MAMP/htdocs/albarokah-v2/index.php(34): CodeIgniter\CodeIgniter->run()
#7 {main}
CRITICAL - 2023-08-03 16:18:27 --> Unable to connect to the database.
Main connection [MySQLi]: Unknown database 'albarokah'
in SYSTEMPATH/Database/BaseConnection.php on line 427.
 1 SYSTEMPATH/Database/BaseConnection.php(574): CodeIgniter\Database\BaseConnection->initialize()
 2 APPPATH/Controllers/Home/Home.php(77): CodeIgniter\Database\BaseConnection->query('SELECT * FROM deposito_muqayyadah_mudharabahs WHERE jenis_deposito = \'Deposito Mutlaqah\'')
 3 SYSTEMPATH/CodeIgniter.php(934): App\Controllers\Home\Home->depositoMutlaqah()
 4 SYSTEMPATH/CodeIgniter.php(499): CodeIgniter\CodeIgniter->runController(Object(App\Controllers\Home\Home))
 5 SYSTEMPATH/CodeIgniter.php(368): CodeIgniter\CodeIgniter->handleRequest(null, Object(Config\Cache), false)
 6 FCPATH/index.php(34): CodeIgniter\CodeIgniter->run()
